"../../../Nocturnum/Content/NocturnumGameMode.uasset" 0
"../../../Nocturnum/Content/AnimStarterPack/UE4_Mannequin/Mesh/UE4_Mannequin_Skeleton.uasset" 1
"../../../Nocturnum/Content/AnimStarterPack/Aim_Space_Hip.uasset" 2
"../../../Nocturnum/Content/AnimStarterPack/Aim_Space_Ironsights.uasset" 3
"../../../Nocturnum/Content/AnimStarterPack/Crouch_to_Stand_Rifle_Hip.uasset" 4
"../../../Nocturnum/Content/AnimStarterPack/Crouch_to_Stand_Rifle_Ironsights.uasset" 5
"../../../Nocturnum/Content/AnimStarterPack/Crouch_Walk_Bwd_Rifle_Ironsights.uasset" 6
"../../../Nocturnum/Content/AnimStarterPack/Crouch_Walk_Lt_Rifle_Ironsights.uasset" 7
"../../../Nocturnum/Content/AnimStarterPack/Crouch_Walk_Rt_Rifle_Ironsights.uasset" 8
"../../../Nocturnum/Content/AnimStarterPack/Death_1.uasset" 9
"../../../Nocturnum/Content/AnimStarterPack/Death_2.uasset" 10
"../../../Nocturnum/Content/AnimStarterPack/Death_3.uasset" 11
"../../../Nocturnum/Content/AnimStarterPack/Death_Ironsights_1.uasset" 12
"../../../Nocturnum/Content/AnimStarterPack/Death_Ironsights_2.uasset" 13
"../../../Nocturnum/Content/AnimStarterPack/Equip_Rifle_Standing.uasset" 14
"../../../Nocturnum/Content/AnimStarterPack/Fire_Rifle_Hip.uasset" 15
"../../../Nocturnum/Content/AnimStarterPack/Fire_Shotgun_Hip.uasset" 16
"../../../Nocturnum/Content/AnimStarterPack/Fire_Shotgun_Ironsights.uasset" 17
"../../../Nocturnum/Content/AnimStarterPack/Hit_React_4.uasset" 18
"../../../Nocturnum/Content/AnimStarterPack/Idle_Pistol.uasset" 19
"../../../Nocturnum/Content/AnimStarterPack/Idle_Rifle_Ironsights.uasset" 20
"../../../Nocturnum/Content/AnimStarterPack/Jump_From_Stand_Ironsights.uasset" 21
"../../../Nocturnum/Content/AnimStarterPack/Prone_Death_1.uasset" 22
"../../../Nocturnum/Content/AnimStarterPack/Prone_Death_2.uasset" 23
"../../../Nocturnum/Content/AnimStarterPack/Prone_Fire_1.uasset" 24
"../../../Nocturnum/Content/AnimStarterPack/Prone_Fire_2.uasset" 25
"../../../Nocturnum/Content/AnimStarterPack/Prone_Idle.uasset" 26
"../../../Nocturnum/Content/AnimStarterPack/Prone_Reload_Rifle.uasset" 27
"../../../Nocturnum/Content/AnimStarterPack/Prone_Reload_Shotgun.uasset" 28
"../../../Nocturnum/Content/AnimStarterPack/Prone_To_Stand.uasset" 29
"../../../Nocturnum/Content/AnimStarterPack/Reload_Pistol.uasset" 30
"../../../Nocturnum/Content/AnimStarterPack/Reload_Rifle_Ironsights.uasset" 31
"../../../Nocturnum/Content/AnimStarterPack/Reload_Shotgun_Hip.uasset" 32
"../../../Nocturnum/Content/AnimStarterPack/Reload_Shotgun_Ironsights.uasset" 33
"../../../Nocturnum/Content/AnimStarterPack/Sprint_Fwd_Rifle.uasset" 34
"../../../Nocturnum/Content/AnimStarterPack/Stand_to_Crouch_Rifle_Hip.uasset" 35
"../../../Nocturnum/Content/AnimStarterPack/Stand_to_Crouch_Rifle_Ironsights.uasset" 36
"../../../Nocturnum/Content/AnimStarterPack/Stand_To_Prone.uasset" 37
"../../../Nocturnum/Content/AnimStarterPack/Walk_Bwd_Rifle_Ironsights.uasset" 38
"../../../Nocturnum/Content/AnimStarterPack/Walk_Lt_Rifle_Ironsights.uasset" 39
"../../../Nocturnum/Content/AnimStarterPack/Walk_Rt_Rifle_Ironsights.uasset" 40
"../../../Nocturnum/Content/Geometry/Meshes/CubeMaterial.uasset" 41
"../../../Nocturnum/Content/Geometry/Meshes/1M_Cube_Chamfer.uasset" 42
"../../../Engine/Content/Functions/Engine_MaterialFunctions01/Opacity/CameraDepthFade.uasset" 43
"../../../Engine/Content/EngineMaterials/T_Default_Material_Grid_M.uasset" 44
"../../../Engine/Content/EngineMaterials/T_Default_Material_Grid_N.uasset" 45
"../../../Engine/Content/EngineMaterials/WorldGridMaterial.uasset" 46
"../../../Nocturnum/Content/Geometry/Meshes/FloorCorner.uasset" 47
"../../../Nocturnum/Content/Geometry/Meshes/FloorCornerIn.uasset" 48
"../../../Nocturnum/Content/Geometry/Meshes/FloorCornerOut.uasset" 49
"../../../Nocturnum/Content/Geometry/Meshes/FloorStraight.uasset" 50
"../../../Nocturnum/Content/Geometry/Meshes/TemplateFloor.uasset" 51
"../../../Nocturnum/Content/Mannequin/Character/Mesh/UE4_Mannequin_Skeleton.uasset" 52
"../../../Nocturnum/Content/Mannequin/Animations/ThirdPersonJump_End.uasset" 53
"../../../Engine/Content/BasicShapes/Cube.uasset" 54
"../../../Nocturnum/Content/Geometry/Meshes/BaseConcave.uasset" 55
"../../../Nocturnum/Content/Geometry/Meshes/BaseConvex.uasset" 56
"../../../Nocturnum/Content/Geometry/Meshes/BaseStraight.uasset" 57
"../../../Nocturnum/Content/Geometry/Meshes/Edge.uasset" 58
"../../../Nocturnum/Content/Geometry/Meshes/EdgeConcave.uasset" 59
"../../../Nocturnum/Content/Geometry/Meshes/EdgeConvex.uasset" 60
"../../../Nocturnum/Content/MapGeneration/ChungusRoom.uasset" 61
"../../../Nocturnum/Content/MapGeneration/Glow_Red.uasset" 62
"../../../Engine/Content/Functions/Engine_MaterialFunctions02/Texturing/ScreenAlignedPixelToPixelUVs.uasset" 63
"../../../Engine/Content/EngineMaterials/Good64x64TilingNoiseHighFreq.uasset" 64
"../../../Engine/Content/Functions/Engine_MaterialFunctions02/Utility/DitherTemporalAA.uasset" 65
"../../../Nocturnum/Content/Materials/MDitheredDefault.uasset" 66
"../../../Nocturnum/Content/Materials/MOpaqueDefault.uasset" 67
"../../../Nocturnum/Content/StarterContent/Audio/Light01_Cue.uasset" 68
"../../../Nocturnum/Content/StarterContent/Audio/Light02_Cue.uasset" 69
"../../../Nocturnum/Content/StarterContent/Audio/Starter_Background_Cue.uasset" 70
"../../../Nocturnum/Content/StarterContent/Audio/Starter_Music_Cue.uasset" 71
"../../../Nocturnum/Content/StarterContent/Blueprints/Blueprint_CeilingLight.uasset" 72
"../../../Nocturnum/Content/StarterContent/Audio/Explosion_Cue.uasset" 73
"../../../Nocturnum/Content/StarterContent/Textures/T_Burst_M.uasset" 74
"../../../Nocturnum/Content/StarterContent/Particles/Materials/M_Burst.uasset" 75
"../../../Nocturnum/Content/StarterContent/Textures/T_Explosion_SubUV.uasset" 76
"../../../Nocturnum/Content/StarterContent/Particles/Materials/M_explosion_subUV.uasset" 77
"../../../Nocturnum/Content/StarterContent/Particles/Materials/m_flare_01.uasset" 78
"../../../Engine/Content/Functions/Engine_MaterialFunctions01/Gradient/RadialGradient.uasset" 79
"../../../Nocturnum/Content/StarterContent/Particles/Materials/M_radial_ramp.uasset" 80
"../../../Nocturnum/Content/StarterContent/Textures/T_Smoke_SubUV.uasset" 81
"../../../Nocturnum/Content/StarterContent/Textures/T_Smoke_Tiled_D.uasset" 82
"../../../Nocturnum/Content/StarterContent/Particles/Materials/M_smoke_subUV.uasset" 83
"../../../Nocturnum/Content/StarterContent/Particles/P_Explosion.uasset" 84
"../../../Nocturnum/Content/StarterContent/Blueprints/Blueprint_Effect_Explosion.uasset" 85
"../../../Nocturnum/Content/StarterContent/Audio/Fire01_Cue.uasset" 86
"../../../Nocturnum/Content/StarterContent/Textures/T_Fire_SubUV.uasset" 87
"../../../Nocturnum/Content/StarterContent/Textures/T_Fire_Tiled_D.uasset" 88
"../../../Nocturnum/Content/StarterContent/Particles/Materials/M_Fire_SubUV.uasset" 89
"../../../Nocturnum/Content/StarterContent/Textures/T_Water_N.uasset" 90
"../../../Nocturnum/Content/StarterContent/Particles/Materials/M_Heat_Distortion.uasset" 91
"../../../Nocturnum/Content/StarterContent/Particles/Materials/M_Radial_Gradient.uasset" 92
"../../../Nocturnum/Content/StarterContent/Particles/P_Fire.uasset" 93
"../../../Nocturnum/Content/StarterContent/Blueprints/Blueprint_Effect_Fire.uasset" 94
"../../../Nocturnum/Content/StarterContent/Audio/Smoke01_Cue.uasset" 95
"../../../Nocturnum/Content/StarterContent/Particles/P_Smoke.uasset" 96
"../../../Nocturnum/Content/StarterContent/Blueprints/Blueprint_Effect_Smoke.uasset" 97
"../../../Nocturnum/Content/StarterContent/Audio/Fire_Sparks01_Cue.uasset" 98
"../../../Nocturnum/Content/StarterContent/Textures/T_Spark_Core.uasset" 99
"../../../Nocturnum/Content/StarterContent/Particles/Materials/M_Spark.uasset" 100
"../../../Nocturnum/Content/StarterContent/Particles/P_Sparks.uasset" 101
"../../../Nocturnum/Content/StarterContent/Blueprints/Blueprint_Effect_Sparks.uasset" 102
"../../../Nocturnum/Content/StarterContent/Audio/Steam01_Cue.uasset" 103
"../../../Nocturnum/Content/StarterContent/Particles/P_Steam_Lit.uasset" 104
"../../../Nocturnum/Content/StarterContent/Blueprints/Blueprint_Effect_Steam.uasset" 105
"../../../Nocturnum/Content/StarterContent/Blueprints/Blueprint_WallSconce.uasset" 106
"../../../Nocturnum/Content/StarterContent/Blueprints/Assets/FogBrightnessLUT.uasset" 107
"../../../Nocturnum/Content/StarterContent/Blueprints/Assets/SunlightColorLUT.uasset" 108
"../../../Nocturnum/Content/StarterContent/Blueprints/Assets/M_LightStage_Arrows.uasset" 109
"../../../Engine/Content/MapTemplates/Sky/DaylightAmbientCubemap.uasset" 110
"../../../Nocturnum/Content/StarterContent/Blueprints/Assets/M_LightStage_Skybox_Master.uasset" 111
"../../../Nocturnum/Content/StarterContent/Blueprints/Assets/M_LightStage_Skybox_Black.uasset" 112
"../../../Nocturnum/Content/StarterContent/Blueprints/Assets/M_LightStage_Skybox_HDRI.uasset" 113
"../../../Engine/Content/EditorMaterials/Thumbnails/SkySphereMaterial.uasset" 114
"../../../Nocturnum/Content/StarterContent/Blueprints/Assets/Skybox.uasset" 115
"../../../Nocturnum/Content/StarterContent/Blueprints/Assets/SM_Arrows.uasset" 116
"../../../Nocturnum/Content/StarterContent/HDRI/HDRI_Epic_Courtyard_Daylight.uasset" 117
"../../../Nocturnum/Content/StarterContent/Blueprints/BP_LightStudio.uasset" 118
"../../../Nocturnum/Content/StarterContent/Materials/M_AssetPlatform.uasset" 119
"../../../Nocturnum/Content/StarterContent/Materials/M_Basic_Floor.uasset" 120
"../../../Nocturnum/Content/StarterContent/Materials/M_Glass.uasset" 121
"../../../Nocturnum/Content/StarterContent/Textures/T_MacroVariation.uasset" 122
"../../../Nocturnum/Content/StarterContent/Materials/M_Metal_Brushed_Nickel.uasset" 123
"../../../Nocturnum/Content/StarterContent/Textures/T_Metal_Aluminum_D.uasset" 124
"../../../Nocturnum/Content/StarterContent/Textures/T_Metal_Gold_N.uasset" 125
"../../../Nocturnum/Content/StarterContent/Materials/M_Metal_Burnished_Steel.uasset" 126
"../../../Nocturnum/Content/StarterContent/Materials/M_Metal_Chrome.uasset" 127
"../../../Nocturnum/Content/StarterContent/Textures/T_Metal_Copper_D.uasset" 128
"../../../Nocturnum/Content/StarterContent/Materials/M_Metal_Copper.uasset" 129
"../../../Nocturnum/Content/StarterContent/Textures/T_Metal_Gold_D.uasset" 130
"../../../Nocturnum/Content/StarterContent/Materials/M_Metal_Gold.uasset" 131
"../../../Nocturnum/Content/StarterContent/Textures/T_Metal_Steel_D.uasset" 132
"../../../Nocturnum/Content/StarterContent/Textures/T_Metal_Steel_N.uasset" 133
"../../../Nocturnum/Content/StarterContent/Materials/M_Metal_Steel.uasset" 134
"../../../Nocturnum/Content/StarterContent/Textures/T_Checker_Noise_M.uasset" 135
"../../../Nocturnum/Content/StarterContent/Textures/T_Single_Tile_N.uasset" 136
"../../../Nocturnum/Content/StarterContent/Textures/T_Tech_Dot_M.uasset" 137
"../../../Nocturnum/Content/StarterContent/Textures/T_Tech_Dot_N.uasset" 138
"../../../Nocturnum/Content/StarterContent/Materials/M_Tech_Checker_Dot.uasset" 139
"../../../Nocturnum/Content/StarterContent/Textures/T_Tech_Hex_Tile_M.uasset" 140
"../../../Nocturnum/Content/StarterContent/Textures/T_Tech_Hex_Tile_N.uasset" 141
"../../../Nocturnum/Content/StarterContent/Materials/M_Tech_Hex_Tile_Pulse.uasset" 142
"../../../Nocturnum/Content/StarterContent/Textures/T_Dust_Particle_D.uasset" 143
"../../../Nocturnum/Content/StarterContent/Particles/Materials/M_Dust_Particle.uasset" 144
"../../../Nocturnum/Content/StarterContent/Particles/P_Ambient_Dust.uasset" 145
"../../../Nocturnum/Content/StarterContent/Materials/M_Basic_Wall.uasset" 146
"../../../Nocturnum/Content/StarterContent/Shapes/Shape_Cube.uasset" 147
"../../../Nocturnum/Content/StarterContent/Shapes/Shape_Cylinder.uasset" 148
"../../../Nocturnum/Content/StarterContent/Shapes/Shape_NarrowCapsule.uasset" 149
"../../../Nocturnum/Content/StarterContent/Shapes/Shape_Sphere.uasset" 150
"../../../Nocturnum/Content/StarterContent/Textures/T_Metal_Rust_D.uasset" 151
"../../../Nocturnum/Content/StarterContent/Textures/T_Metal_Rust_N.uasset" 152
"../../../Nocturnum/Content/StarterContent/Textures/T_Shelf_M.uasset" 153
"../../../Nocturnum/Content/StarterContent/Textures/T_Shelf_N.uasset" 154
"../../../Nocturnum/Content/TopDownCPP/Blueprints/AIWaypoint.uasset" 155
"../../../Nocturnum/Content/TopDownCPP/Blueprints/EnemyBB.uasset" 156
"../../../Nocturnum/Content/TopDownCPP/Blueprints/EnemyBt.uasset" 157
"../../../Engine/Content/Functions/Engine_MaterialFunctions01/Density/ExponentialDensity.uasset" 158
"../../../Engine/Content/Functions/Engine_MaterialFunctions01/Gradient/RadialGradientExponential.uasset" 159
"../../../Nocturnum/Content/TopDownCPP/Blueprints/M_Cursor_Decal.uasset" 160
"../../../Nocturnum/Content/TopDownCPP/Blueprints/SelectionRingDecal.uasset" 161
"../../../Nocturnum/Content/TopDownCPP/Blueprints/Menu/hiclipart_com.uasset" 162
"../../../Nocturnum/Content/TopDownCPP/Blueprints/Menu/crosshair-3-512_copy.uasset" 163
"../../../Nocturnum/Content/TopDownCPP/Blueprints/Menu/MouseCursor.uasset" 164
"../../../Nocturnum/Content/TopDownCPP/Maps/TopDownExampleMap_BuiltData.uasset" 165
"../../../Engine/Content/EngineMaterials/DefaultMaterial.uasset" 166
"../../../Engine/Content/BasicShapes/Cone.uasset" 167
"../../../Engine/Content/BasicShapes/Cylinder.uasset" 168
"../../../Engine/Content/BasicShapes/Plane.uasset" 169
"../../../Engine/Content/BasicShapes/Sphere.uasset" 170
"../../../Engine/Content/EditorLandscapeResources/DataLayer.uasset" 171
"../../../Engine/Content/EditorMaterials/GizmoMaterial.uasset" 172
"../../../Engine/Content/EditorMaterials/MAT_Groups_Toggle.uasset" 173
"../../../Engine/Content/EditorMaterials/MAT_Groups_Visibility.uasset" 174
"../../../Engine/Content/EditorMaterials/PreviewShadowIndicator.uasset" 175
"../../../Engine/Content/EditorMaterials/PreviewShadowIndicatorMaterial.uasset" 176
"../../../Engine/Content/EditorMaterials/MatineeGroups/MAT_ColorTrack.uasset" 177
"../../../Engine/Content/EditorMaterials/MatineeGroups/MAT_Groups_Anim.uasset" 178
"../../../Engine/Content/EditorMaterials/MatineeGroups/MAT_Groups_AudioMaster.uasset" 179
"../../../Engine/Content/EditorMaterials/MatineeGroups/MAT_Groups_Director.uasset" 180
"../../../Engine/Content/EditorMaterials/MatineeGroups/MAT_Groups_Event.uasset" 181
"../../../Engine/Content/EditorMaterials/MatineeGroups/MAT_Groups_Fade.uasset" 182
"../../../Engine/Content/EditorMaterials/MatineeGroups/MAT_Groups_Float.uasset" 183
"../../../Engine/Content/EditorMaterials/MatineeGroups/MAT_Groups_Move.uasset" 184
"../../../Engine/Content/EditorMaterials/MatineeGroups/MAT_Groups_Slomo.uasset" 185
"../../../Engine/Content/EditorMaterials/MatineeGroups/MAT_Groups_Sound.uasset" 186
"../../../Engine/Content/EditorMaterials/MatineeGroups/MAT_Groups_Vector.uasset" 187
"../../../Engine/Content/EditorMaterials/ParticleSystems/PSysThumbnail_NoImage.uasset" 188
"../../../Engine/Content/EditorMaterials/ParticleSystems/PSysThumbnail_OOD.uasset" 189
"../../../Engine/Content/EditorMaterials/Camera/CineMat.uasset" 190
"../../../Engine/Content/EditorMaterials/Camera/MI_CineMat_Rig.uasset" 191
"../../../Engine/Content/EditorMeshes/Camera/SM_CraneRig_Arm.uasset" 192
"../../../Engine/Content/EditorMeshes/Camera/SM_CraneRig_Base.uasset" 193
"../../../Engine/Content/EditorMeshes/Camera/SM_CraneRig_Body.uasset" 194
"../../../Engine/Content/EditorMeshes/Camera/SM_CraneRig_Mount.uasset" 195
"../../../Engine/Content/EditorMeshes/Camera/SM_RailRig_Mount.uasset" 196
"../../../Engine/Content/EditorMeshes/Camera/SM_RailRig_Track.uasset" 197
"../../../Engine/Content/EditorMeshes/ColorCalibrator/M_ChromeBall.uasset" 198
"../../../Engine/Content/EditorMeshes/ColorCalibrator/M_ClearCoat.uasset" 199
"../../../Engine/Content/EditorMeshes/ColorCalibrator/M_ClearCoatBlack.uasset" 200
"../../../Engine/Content/EditorMeshes/ColorCalibrator/Color_checker.uasset" 201
"../../../Engine/Content/EditorMeshes/ColorCalibrator/M_ColorGrid.uasset" 202
"../../../Engine/Content/EditorMeshes/ColorCalibrator/M_GreyBall.uasset" 203
"../../../Engine/Content/EditorMeshes/ColorCalibrator/SM_ColorCalibrator.uasset" 204
"../../../Engine/Content/EditorResources/BSPVertex.uasset" 205
"../../../Engine/Content/EditorResources/EmptyActor.uasset" 206
"../../../Engine/Content/EditorResources/S_Actor.uasset" 207
"../../../Engine/Content/EditorResources/S_Trigger.uasset" 208
"../../../Engine/Content/EditorResources/AudioIcons/S_AudioComponent_AutoActivate.uasset" 209
"../../../Engine/Content/EditorResources/LightIcons/S_LightError.uasset" 210
"../../../Engine/Content/EditorResources/SequenceRecorder/Countdown.uasset" 211
"../../../Engine/Content/EditorResources/SequenceRecorder/RecordingIndicator.uasset" 212
"../../../Engine/Content/EditorSounds/Notifications/CompileFailed.uasset" 213
"../../../Engine/Content/EditorSounds/Notifications/CompileFailed_Cue.uasset" 214
"../../../Engine/Content/EditorSounds/Notifications/CompileSuccess.uasset" 215
"../../../Engine/Content/EditorSounds/Notifications/CompileStart_Cue.uasset" 216
"../../../Engine/Content/EditorSounds/Notifications/CompileSuccess_Cue.uasset" 217
"../../../Engine/Content/EngineDamageTypes/DmgTypeBP_Environmental.uasset" 218
"../../../Engine/Content/EngineDebugMaterials/HeatmapGradient.uasset" 219
"../../../Engine/Content/EngineDebugMaterials/BoneWeightMaterial.uasset" 220
"../../../Engine/Content/EngineDebugMaterials/ClothMaterial.uasset" 221
"../../../Engine/Content/EngineDebugMaterials/ClothMaterial_WF.uasset" 222
"../../../Engine/Content/EngineDebugMaterials/DebugEditorMaterial.uasset" 223
"../../../Engine/Content/EngineDebugMaterials/DebugMeshMaterial.uasset" 224
"../../../Engine/Content/EngineDebugMaterials/GeomMaterial.uasset" 225
"../../../Engine/Content/EngineFonts/Faces/RobotoBold.uasset" 226
"../../../Engine/Content/EngineFonts/Faces/RobotoBoldItalic.uasset" 227
"../../../Engine/Content/EngineFonts/Faces/RobotoItalic.uasset" 228
"../../../Engine/Content/EngineFonts/Faces/RobotoLight.uasset" 229
"../../../Engine/Content/EngineFonts/Faces/RobotoRegular.uasset" 230
"../../../Engine/Content/EngineFonts/Roboto.uasset" 231
"../../../Engine/Content/EngineFonts/Faces/RobotoTiny.uasset" 232
"../../../Engine/Content/EngineFonts/RobotoTiny.uasset" 233
"../../../Engine/Content/EngineMaterials/DefaultBloomKernel.uasset" 234
"../../../Engine/Content/EngineMaterials/DefaultBokeh.uasset" 235
"../../../Engine/Content/EngineMaterials/DefaultDiffuse.uasset" 236
"../../../Engine/Content/EngineMaterials/DefaultDeferredDecalMaterial.uasset" 237
"../../../Engine/Content/EngineMaterials/DefaultLightFunctionMaterial.uasset" 238
"../../../Engine/Content/EngineMaterials/DefaultPhysicalMaterial.uasset" 239
"../../../Engine/Content/Functions/Engine_MaterialFunctions02/Utility/BreakOutFloat2Components.uasset" 240
"../../../Engine/Content/EngineMaterials/DefaultPostProcessMaterial.uasset" 241
"../../../Engine/Content/EngineFonts/RobotoDistanceField.uasset" 242
"../../../Engine/Content/EngineMaterials/DefaultTextMaterialOpaque.uasset" 243
"../../../Engine/Content/EngineMaterials/DefaultWhiteGrid.uasset" 244
"../../../Engine/Content/EngineMaterials/EditorBrushMaterial.uasset" 245
"../../../Engine/Content/EngineMaterials/MiniFont.uasset" 246
"../../../Engine/Content/EngineMaterials/InvalidLightmapSettings.uasset" 247
"../../../Engine/Content/EngineMaterials/M_InvalidLightmapSettings.uasset" 248
"../../../Engine/Content/Functions/Engine_MaterialFunctions02/WorldPositionOffset/CameraOffset.uasset" 249
"../../../Engine/Content/EngineMaterials/PhAT_JointLimitMaterial.uasset" 250
"../../../Engine/Content/EngineMaterials/PreintegratedSkinBRDF.uasset" 251
"../../../Engine/Content/EngineMaterials/RemoveSurfaceMaterial.uasset" 252
"../../../Engine/Content/EngineMaterials/WeightMapPlaceholderTexture.uasset" 253
"../../../Engine/Content/EngineResources/WhiteSquareTexture.uasset" 254
"../../../Engine/Content/EngineMaterials/Widget3DPassThrough.uasset" 255
"../../../Engine/Content/EngineMaterials/Widget3DPassThrough_Masked.uasset" 256
"../../../Engine/Content/EngineMaterials/Widget3DPassThrough_Opaque.uasset" 257
"../../../Engine/Content/EngineMaterials/Widget3DPassThrough_Masked_OneSided.uasset" 258
"../../../Engine/Content/EngineMaterials/Widget3DPassThrough_Opaque_OneSided.uasset" 259
"../../../Engine/Content/EngineMaterials/Widget3DPassThrough_Translucent.uasset" 260
"../../../Engine/Content/EngineMaterials/Widget3DPassThrough_Translucent_OneSided.uasset" 261
"../../../Engine/Content/EngineMeshes/Cube.uasset" 262
"../../../Engine/Content/EngineMeshes/Sphere.uasset" 263
"../../../Engine/Content/EngineResources/Black.uasset" 264
"../../../Engine/Content/EngineResources/DefaultTexture.uasset" 265
"../../../Engine/Content/EngineResources/DefaultTextureCube.uasset" 266
"../../../Engine/Content/EngineResources/GradientTexture0.uasset" 267
"../../../Engine/Content/EngineSounds/Master.uasset" 268
"../../../Engine/Content/Functions/Engine_MaterialFunctions01/Shading/ConvertFromDiffSpec.uasset" 269
"../../../Engine/Content/Functions/Engine_MaterialFunctions01/Shading/PowerToRoughness.uasset" 270
"../../../Engine/Content/Maps/Templates/Thumbnails/Default.uasset" 271
"../../../Engine/Content/Maps/Templates/Thumbnails/VR-Basic.uasset" 272
"../../../Engine/Content/MobileResources/T_MobileControls_texture.uasset" 273
"../../../Engine/Content/MobileResources/T_MobileMenu2.uasset" 274
"../../../Engine/Content/MobileResources/HUD/AnalogHat.uasset" 275
"../../../Engine/Content/MobileResources/HUD/VirtualJoystick_Background.uasset" 276
"../../../Engine/Content/MobileResources/HUD/VirtualJoystick_Thumb.uasset" 277
"../../../Engine/Content/MobileResources/HUD/DefaultVirtualJoysticks.uasset" 278
"../../../Engine/Content/MobileResources/HUD/LeftVirtualJoystickOnly.uasset" 279
"../../../Engine/Content/MobileResources/HUD/MobileHUDButton1_off.uasset" 280
"../../../Engine/Content/MobileResources/HUD/MobileHUDButton1_on.uasset" 281
"../../../Engine/Content/MobileResources/HUD/MobileHUDButton2_off.uasset" 282
"../../../Engine/Content/MobileResources/HUD/MobileHUDButton2_on.uasset" 283
"../../../Engine/Content/MobileResources/HUD/MobileHUDButton3.uasset" 284
"../../../Engine/Content/MobileResources/HUD/MobileHUDButtonFire.uasset" 285
"../../../Engine/Content/MobileResources/HUD/MobileHUDDirectionPad.uasset" 286
"../../../Engine/Content/MobileResources/HUD/MobileHUDDirectionPad2.uasset" 287
"../../../Engine/Content/MobileResources/HUD/MobileHUDDirectionPad3.uasset" 288
"../../../Engine/Content/MobileResources/HUD/MobileHUDDirectionStick.uasset" 289
"../../../Engine/Content/MobileResources/HUD/T_Castle_ThumbstickInner.uasset" 290
"../../../Engine/Content/MobileResources/HUD/T_Castle_ThumbstickOutter.uasset" 291
"../../../Engine/Content/Tutorial/ContentIntroCurve.uasset" 292
"../../../Engine/Content/Tutorial/Basics/TutorialAssets/icon_tab_Levels_40x.uasset" 293
"../../../Engine/Content/Tutorial/BlueprintTutorials/TutorialAssets/BlueprintInterface_64x.uasset" 294
"../../../Engine/Content/Tutorial/BlueprintTutorials/TutorialAssets/BlueprintMacroLibrary_64x.uasset" 295
"../../../Engine/Content/Tutorial/BlueprintTutorials/TutorialAssets/Blueprint_64x.uasset" 296
"../../../Engine/Content/Tutorial/BlueprintTutorials/TutorialAssets/Tutorial_BP_Interface.uasset" 297
"../../../Engine/Content/Tutorial/Foliage/TutorialAssets/Foliage.uasset" 298
"../../../Engine/Content/Tutorial/Landscape/TutorialAssets/Landscape.uasset" 299
"../../../Engine/Content/Tutorial/Paper2D/TutorialAssets/Paper2DFlipbook_TutorialIcon.uasset" 300
"../../../Engine/Content/Tutorial/Paper2D/TutorialAssets/Paper2DSprite_TutorialIcon.uasset" 301
"../../../Engine/Content/Tutorial/SubEditors/TutorialAssets/icon_Editor_Preferences_General_40x.uasset" 302
"../../../Engine/Content/Tutorial/SubEditors/TutorialAssets/icon_ShowSkeletalMeshes_40x.uasset" 303
"../../../Engine/Content/Tutorial/SubEditors/TutorialAssets/TutorialMaterial.uasset" 304
"../../../Engine/Content/Tutorial/SubEditors/TutorialAssets/T_SmokeSubUV_8X8.uasset" 305
"../../../Engine/Content/Tutorial/SubEditors/TutorialAssets/T_soft_smoke.uasset" 306
"../../../Engine/Content/Tutorial/SubEditors/TutorialAssets/M_smoke_subUV_blackbody.uasset" 307
"../../../Engine/Content/Tutorial/SubEditors/TutorialAssets/TutorialParticleSystem.uasset" 308
"../../../Engine/Content/VREditor/Devices/Generic/GenericHMDMaterial.uasset" 309
"../../../Engine/Content/VREditor/Devices/Generic/GenericHMD.uasset" 310
"../../../Engine/Content/VREditor/FloatingText/LineMaterial.uasset" 311
"../../../Engine/Content/VREditor/FloatingText/JointSphere.uasset" 312
"../../../Engine/Content/VREditor/FloatingText/LineSegmentCylinder.uasset" 313
"../../../Engine/Content/VREditor/Fonts/VRText_RobotoLarge.uasset" 314
"../../../Engine/Content/VREditor/Fonts/VRTextMaterial.uasset" 315
"../../../Engine/Content/VREditor/Fonts/TranslucentVRTextMaterial.uasset" 316
"../../../Engine/Content/VREditor/LaserPointer/CursorPointer.uasset" 317
"../../../Engine/Content/VREditor/LaserPointer/VR_LaserPower_01.uasset" 318
"../../../Engine/Content/VREditor/TransformGizmo/TransformGizmoMaterial.uasset" 319
"../../../Engine/Content/VREditor/LaserPointer/HoverMaterial.uasset" 320
"../../../Engine/Content/VREditor/TransformGizmo/TranslucentTransformGizmoMaterial.uasset" 321
"../../../Engine/Content/VREditor/LaserPointer/TranslucentHoverMaterial.uasset" 322
"../../../Engine/Content/VREditor/LaserPointer/HoverMesh.uasset" 323
"../../../Engine/Content/VREditor/LaserPointer/LaserPointerMaterial.uasset" 324
"../../../Engine/Content/VREditor/LaserPointer/LaserPointerMaterialInst.uasset" 325
"../../../Engine/Content/VREditor/LaserPointer/TranslucentLaserPointerMaterialInst.uasset" 326
"../../../Engine/Content/VREditor/LaserPointer/LaserPointerMesh.uasset" 327
"../../../Engine/Content/VREditor/LaserPointer/LaserPointerMesh_End.uasset" 328
"../../../Engine/Content/VREditor/LaserPointer/LaserPointerMesh_Start.uasset" 329
"../../../Engine/Content/Functions/Engine_MaterialFunctions02/Utility/BreakOutFloat3Components.uasset" 330
"../../../Engine/Content/Functions/Engine_MaterialFunctions02/Math/Transform3x3Matrix.uasset" 331
"../../../Engine/Content/Functions/Engine_MaterialFunctions02/SplitComponents.uasset" 332
"../../../Engine/Content/Functions/Engine_MaterialFunctions02/Utility/MakeFloat3.uasset" 333
"../../../Engine/Content/VREditor/SnapGrid/SnapGridMaterial.uasset" 334
"../../../Engine/Content/VREditor/SnapGrid/SnapGridPlaneMesh.uasset" 335
"../../../Engine/Content/VREditor/Sounds/VR_teleport.uasset" 336
"../../../Engine/Content/VREditor/Sounds/UI/Click_on_Button_Cue.uasset" 337
"../../../Engine/Content/VREditor/Sounds/UI/Dockable_Window_Close.uasset" 338
"../../../Engine/Content/VREditor/Sounds/UI/Dockable_Window_Drop.uasset" 339
"../../../Engine/Content/VREditor/Sounds/UI/Dockable_Window_Open.uasset" 340
"../../../Engine/Content/VREditor/Sounds/UI/Dockable_Window_Pick_Up.uasset" 341
"../../../Engine/Content/VREditor/Sounds/UI/Drop_Item_From_ContentBrowser.uasset" 342
"../../../Engine/Content/VREditor/Sounds/UI/Floating_UI_Open-001.uasset" 343
"../../../Engine/Content/VREditor/Sounds/UI/Gizmo_Handle_Clicked.uasset" 344
"../../../Engine/Content/VREditor/Sounds/UI/Object_PickUp.uasset" 345
"../../../Engine/Content/VREditor/Sounds/UI/Object_Snaps_To_Another_Actor.uasset" 346
"../../../Engine/Content/VREditor/Sounds/UI/Object_Snaps_To_Grid.uasset" 347
"../../../Engine/Content/VREditor/Sounds/UI/Radial_Menu_FadeOut.uasset" 348
"../../../Engine/Content/VREditor/Sounds/UI/Scaling_Down.uasset" 349
"../../../Engine/Content/VREditor/Sounds/UI/Scaling_Up.uasset" 350
"../../../Engine/Content/VREditor/Sounds/UI/Selection_Changes.uasset" 351
"../../../Engine/Content/VREditor/Sounds/UI/Teleport_Mode_Entered.uasset" 352
"../../../Engine/Content/VREditor/Teleport/TeleportDirectionMaterial.uasset" 353
"../../../Engine/Content/VREditor/Teleport/TeleportDirectionMaterial_Inst.uasset" 354
"../../../Engine/Content/VREditor/Teleport/TeleportDirectionMesh.uasset" 355
"../../../Engine/Content/VREditor/TransformGizmo/BoundingBoxCorner.uasset" 356
"../../../Engine/Content/VREditor/TransformGizmo/BoundingBoxEdge.uasset" 357
"../../../Engine/Content/VREditor/TransformGizmo/PlaneTranslationHandle.uasset" 358
"../../../Engine/Content/VREditor/TransformGizmo/RotationHandleFull.uasset" 359
"../../../Engine/Content/VREditor/TransformGizmo/RotationHandleIndicator.uasset" 360
"../../../Engine/Content/VREditor/TransformGizmo/RotationHandleQuarter.uasset" 361
"../../../Engine/Content/VREditor/TransformGizmo/Main.uasset" 362
"../../../Engine/Content/VREditor/TransformGizmo/Xray.uasset" 363
"../../../Engine/Content/VREditor/TransformGizmo/SM_Dialog_Close.uasset" 364
"../../../Engine/Content/VREditor/TransformGizmo/SM_Dialog_Move.uasset" 365
"../../../Engine/Content/VREditor/TransformGizmo/SM_Sequencer_Key.uasset" 366
"../../../Engine/Content/VREditor/TransformGizmo/SM_Sequencer_Node.uasset" 367
"../../../Engine/Content/VREditor/TransformGizmo/StartRotationHandleIndicator.uasset" 368
"../../../Engine/Content/VREditor/TransformGizmo/TranslucentTransformGizmoMaterial_Inst.uasset" 369
"../../../Engine/Content/VREditor/TransformGizmo/TransformGizmoFreeRotation.uasset" 370
"../../../Engine/Content/VREditor/TransformGizmo/TransformGizmoMaterial_Inst.uasset" 371
"../../../Engine/Content/VREditor/TransformGizmo/TranslateArrowHandle.uasset" 372
"../../../Engine/Content/VREditor/TransformGizmo/UniformScaleHandle.uasset" 373
"../../../Engine/Content/VREditor/UI/KeyDiskMaterial.uasset" 374
"../../../Engine/Content/VREditor/UI/DiscMaterial.uasset" 375
"../../../Engine/Content/VREditor/UI/SM_Radial_Disk.uasset" 376
"../../../Engine/Content/VREditor/WorldMovementGrid/SimpleGrid.uasset" 377
"../../../Engine/Content/VREditor/WorldMovementGrid/GridMaterial.uasset" 378
"../../../Engine/Content/VREditor/WorldMovementGrid/GridPostProcess.uasset" 379
"../../../Engine/Content/EditorLandscapeResources/FlattenHeightMat.uasset" 380
"../../../Engine/Content/VREditor/WorldMovementGrid/PlaneMesh.uasset" 381
"../../../Engine/Plugins/2D/Paper2D/Content/PlaceholderTextures/DummySpriteTexture.uasset" 382
"../../../Engine/Plugins/2D/Paper2D/Content/DummySprite.uasset" 383
"../../../Engine/Plugins/2D/Paper2D/Content/DefaultPaperTerrainMaterial.uasset" 384
"../../../Engine/Plugins/2D/Paper2D/Content/DefaultSpriteMaterial.uasset" 385
"../../../Engine/Plugins/2D/Paper2D/Content/MaskedUnlitSpriteMaterial.uasset" 386
"../../../Engine/Plugins/2D/Paper2D/Content/OpaqueUnlitSpriteMaterial.uasset" 387
"../../../Engine/Plugins/Media/MediaCompositing/Content/DefaultMediaPlaneMaterial.uasset" 388
"../../../Engine/Content/Functions/Engine_MaterialFunctions02/Utility/MakeFloat4.uasset" 389
"../../../Engine/Plugins/Runtime/AppleARKit/Content/ARKitCameraMaterial.uasset" 390
"../../../Engine/Plugins/Runtime/Oculus/OculusVR/Content/Textures/GearVRController_AO.uasset" 391
"../../../Engine/Plugins/Runtime/Oculus/OculusVR/Content/Textures/GearVRController_Color.uasset" 392
"../../../Engine/Plugins/Runtime/Oculus/OculusVR/Content/Textures/GearVRController_Normal.uasset" 393
"../../../Engine/Plugins/Runtime/Oculus/OculusVR/Content/Materials/GearVRControllerMaterial.uasset" 394
"../../../Engine/Plugins/Runtime/Oculus/OculusVR/Content/Meshes/GearVrController.uasset" 395
"../../../Nocturnum/Content/AnimStarterPack/Crouch_Idle_Rifle_Hip.uasset" 396
"../../../Nocturnum/Content/AnimStarterPack/Crouch_Idle_Rifle_Ironsights.uasset" 397
"../../../Nocturnum/Content/AnimStarterPack/Crouch_Walk_Fwd_Rifle_Ironsights.uasset" 398
"../../../Nocturnum/Content/AnimStarterPack/Equip_Pistol_Standing.uasset" 399
"../../../Nocturnum/Content/AnimStarterPack/Fire_Rifle_Ironsights.uasset" 400
"../../../Nocturnum/Content/AnimStarterPack/Hit_React_1.uasset" 401
"../../../Nocturnum/Content/AnimStarterPack/Hit_React_2.uasset" 402
"../../../Nocturnum/Content/AnimStarterPack/Hit_React_3.uasset" 403
"../../../Nocturnum/Content/AnimStarterPack/Idle_Rifle_Hip_Break1.uasset" 404
"../../../Nocturnum/Content/AnimStarterPack/Idle_Rifle_Hip_Break2.uasset" 405
"../../../Nocturnum/Content/AnimStarterPack/Reload_Rifle_Hip.uasset" 406
"../../../Nocturnum/Content/AnimStarterPack/Walk_Fwd_Rifle_Ironsights.uasset" 407
"../../../Engine/Content/EditorBlueprintResources/StandardMacros.uasset" 408
"../../../Engine/Content/EngineSky/C_Sky_Cloud_Color.uasset" 409
"../../../Engine/Content/EngineSky/C_Sky_Horizon_Color.uasset" 410
"../../../Engine/Content/EngineSky/C_Sky_Zenith_Color.uasset" 411
"../../../Engine/Content/EngineSky/T_Sky_Blue.uasset" 412
"../../../Engine/Content/EngineSky/T_Sky_Clouds_M.uasset" 413
"../../../Engine/Content/EngineSky/T_Sky_Stars.uasset" 414
"../../../Engine/Content/EngineSky/M_Sky_Panning_Clouds2.uasset" 415
"../../../Nocturnum/Content/skyyyyy.uasset" 416
"../../../Nocturnum/Content/Skybox1.uasset" 417
"../../../Engine/Content/EngineSky/SM_SkySphere.uasset" 418
"../../../Engine/Content/EngineSky/BP_Sky_Sphere.uasset" 419
"../../../Engine/Content/TemplateResources/M_Template_Master.uasset" 420
"../../../Engine/Content/TemplateResources/MI_Template_BaseGray_03_Metal.uasset" 421
"../../../Engine/Content/Functions/Engine_MaterialFunctions02/Utility/BlendAngleCorrectedNormals.uasset" 422
"../../../Engine/Content/Functions/MaterialLayerFunctions/MatLayerBlend_AO.uasset" 423
"../../../Engine/Content/Functions/MaterialLayerFunctions/MatLayerBlend_NormalBlend.uasset" 424
"../../../Engine/Content/Functions/MaterialLayerFunctions/MatLayerBlend_Simple.uasset" 425
"../../../Nocturnum/Content/AnimStarterPack/UE4_Mannequin/Materials/MaterialLayers/T_ML_Rubber_Blue_01_D.uasset" 426
"../../../Nocturnum/Content/AnimStarterPack/UE4_Mannequin/Materials/MaterialLayers/T_ML_Rubber_Blue_01_N.uasset" 427
"../../../Nocturnum/Content/AnimStarterPack/UE4_Mannequin/Materials/MaterialLayers/ML_GlossyBlack_Latex_UE4.uasset" 428
"../../../Nocturnum/Content/AnimStarterPack/UE4_Mannequin/Materials/MaterialLayers/ML_Plastic_Shiny_Beige.uasset" 429
"../../../Nocturnum/Content/AnimStarterPack/UE4_Mannequin/Textures/UE4_LOGO_CARD.uasset" 430
"../../../Nocturnum/Content/AnimStarterPack/UE4_Mannequin/Materials/MaterialLayers/ML_Plastic_Shiny_Beige_LOGO.uasset" 431
"../../../Nocturnum/Content/AnimStarterPack/UE4_Mannequin/Materials/MaterialLayers/T_ML_Aluminum01.uasset" 432
"../../../Nocturnum/Content/AnimStarterPack/UE4_Mannequin/Materials/MaterialLayers/T_ML_Aluminum01_N.uasset" 433
"../../../Nocturnum/Content/AnimStarterPack/UE4_Mannequin/Materials/MaterialLayers/ML_SoftMetal_UE4.uasset" 434
"../../../Nocturnum/Content/AnimStarterPack/UE4_Mannequin/Textures/UE4_Mannequin__normals.uasset" 435
"../../../Nocturnum/Content/AnimStarterPack/UE4_Mannequin/Textures/UE4_Mannequin_MAT_MASKA.uasset" 436
"../../../Nocturnum/Content/AnimStarterPack/UE4_Mannequin/Textures/UE4_Mannequin_occlusion_Mobile.uasset" 437
"../../../Nocturnum/Content/AnimStarterPack/UE4_Mannequin/Materials/M_UE4Man_Body.uasset" 438
"../../../Nocturnum/Content/AnimStarterPack/UE4_Mannequin/Textures/UE4Man_Logo_N.uasset" 439
"../../../Nocturnum/Content/AnimStarterPack/UE4_Mannequin/Materials/M_UE4Man_ChestLogo.uasset" 440
"../../../Nocturnum/Content/AnimStarterPack/UE4_Mannequin/Mesh/SK_Mannequin_PhysicsAsset.uasset" 441
"../../../Nocturnum/Content/AnimStarterPack/UE4_Mannequin/Mesh/SK_Mannequin.uasset" 442
"../../../Nocturnum/Content/AnimStarterPack/Showcase.umap" 443
"../../../Nocturnum/Content/Mannequin/Animations/ThirdPerson_Jump.uasset" 444
"../../../Nocturnum/Content/Mannequin/Animations/ThirdPersonJump_Loop.uasset" 445
"../../../Nocturnum/Content/Mannequin/Animations/ThirdPersonJump_Start.uasset" 446
"../../../Nocturnum/Content/Mannequin/Animations/ThirdPersonIdle.uasset" 447
"../../../Nocturnum/Content/Mannequin/Animations/ThirdPersonRun.uasset" 448
"../../../Nocturnum/Content/Mannequin/Animations/ThirdPersonWalk.uasset" 449
"../../../Nocturnum/Content/Mannequin/Animations/ThirdPerson_IdleRun_2D.uasset" 450
"../../../Nocturnum/Content/Mannequin/Animations/ThirdPerson_AnimBP.uasset" 451
"../../../Nocturnum/Content/TopDownCPP/Blueprints/NocturnumEnemyControllerBp.uasset" 452
"../../../Nocturnum/Content/Mannequin/Character/Materials/MaterialLayers/T_ML_Rubber_Blue_01_D.uasset" 453
"../../../Nocturnum/Content/Mannequin/Character/Materials/MaterialLayers/T_ML_Rubber_Blue_01_N.uasset" 454
"../../../Nocturnum/Content/Mannequin/Character/Materials/MaterialLayers/ML_GlossyBlack_Latex_UE4.uasset" 455
"../../../Nocturnum/Content/Mannequin/Character/Materials/MaterialLayers/ML_Plastic_Shiny_Beige.uasset" 456
"../../../Nocturnum/Content/Mannequin/Character/Textures/UE4_LOGO_CARD.uasset" 457
"../../../Nocturnum/Content/Mannequin/Character/Materials/MaterialLayers/ML_Plastic_Shiny_Beige_LOGO.uasset" 458
"../../../Nocturnum/Content/Mannequin/Character/Materials/MaterialLayers/T_ML_Aluminum01.uasset" 459
"../../../Nocturnum/Content/Mannequin/Character/Materials/MaterialLayers/T_ML_Aluminum01_N.uasset" 460
"../../../Nocturnum/Content/Mannequin/Character/Materials/MaterialLayers/ML_SoftMetal_UE4.uasset" 461
"../../../Nocturnum/Content/Mannequin/Character/Textures/UE4_Mannequin__normals.uasset" 462
"../../../Nocturnum/Content/Mannequin/Character/Textures/UE4_Mannequin_MAT_MASKA.uasset" 463
"../../../Nocturnum/Content/Mannequin/Character/Materials/M_UE4Man_Body.uasset" 464
"../../../Nocturnum/Content/Mannequin/Character/Textures/UE4Man_Logo_N.uasset" 465
"../../../Nocturnum/Content/Mannequin/Character/Materials/M_UE4Man_ChestLogo.uasset" 466
"../../../Nocturnum/Content/Mannequin/Character/Mesh/SK_Mannequin_PhysicsAsset.uasset" 467
"../../../Nocturnum/Content/Mannequin/Character/Mesh/SK_Mannequin.uasset" 468
"../../../Nocturnum/Content/TopDownCPP/Blueprints/NocturnumEnemyBot.uasset" 469
"../../../Nocturnum/Content/TopDownCPP/Blueprints/TopDownCharacter.uasset" 470
"../../../Engine/Content/EngineMaterials/BaseFlattenDiffuseMap.uasset" 471
"../../../Engine/Content/EngineMaterials/BaseFlattenEmissiveMap.uasset" 472
"../../../Engine/Content/EngineMaterials/BaseFlattenGrayscaleMap.uasset" 473
"../../../Engine/Content/EngineMaterials/BaseFlattenNormalMap.uasset" 474
"../../../Engine/Content/EngineMaterials/NewBaseFlattenMaterial.uasset" 475
"../../../Nocturnum/Content/MapGeneration/Glow.uasset" 476
"../../../Nocturnum/Content/ImperialHangarFloor.uasset" 477
"../../../Nocturnum/Content/Sci-Fi_INST.uasset" 478
"../../../Nocturnum/Content/Sci-Fi_INST_ambient_occ.uasset" 479
"../../../Nocturnum/Content/Sci-Fi_INST_basecolor.uasset" 480
"../../../Nocturnum/Content/Sci-Fi_INST_metallic.uasset" 481
"../../../Nocturnum/Content/Sci-Fi_INST_normal.uasset" 482
"../../../Nocturnum/Content/Sci-Fi_INST_roughness.uasset" 483
"../../../Nocturnum/Content/Sci-Fi_MAT.uasset" 484
"../../../Nocturnum/Content/StarterContent/Materials/M_Tech_Hex_Tile.uasset" 485
"../../../Nocturnum/Content/MapGeneration/BossRoom.uasset" 486
"../../../Nocturnum/Content/MapGeneration/CornerRoom.uasset" 487
"../../../Engine/Content/EngineMeshes/Cylinder.uasset" 488
"../../../Nocturnum/Content/MapGeneration/CornerRoomBig.uasset" 489
"../../../Nocturnum/Content/MapGeneration/AIWaypointBP.uasset" 490
"../../../Nocturnum/Content/MapGeneration/CrossRoom.uasset" 491
"../../../Nocturnum/Content/Geometry/Meshes/1M_Cube.uasset" 492
"../../../Nocturnum/Content/MapGeneration/DeadEndHall.uasset" 493
"../../../Nocturnum/Content/MapGeneration/DeadEndRoom.uasset" 494
"../../../Nocturnum/Content/TopDownCPP/Blueprints/Menu/HeadlinerNo_45_DEMO.uasset" 495
"../../../Nocturnum/Content/TopDownCPP/Blueprints/Menu/HeadlinerNo_45_DEMO_Font.uasset" 496
"../../../Nocturnum/Content/14-147384_red-space-wallpaper-red-space-background-hd.uasset" 497
"../../../Nocturnum/Content/TopDownCPP/Blueprints/Menu/LoadingScreen.uasset" 498
"../../../Nocturnum/Content/TopDownCPP/Blueprints/Menu/EndLevelScreen.uasset" 499
"../../../Nocturnum/Content/MapGeneration/EndRoom.uasset" 500
"../../../Nocturnum/Content/MapGeneration/HallRoom.uasset" 501
"../../../Nocturnum/Content/MapGeneration/JunctionRoom.uasset" 502
"../../../Nocturnum/Content/MapGeneration/RoundHallRoom.uasset" 503
"../../../Nocturnum/Content/MapGeneration/StartRoom.uasset" 504
"../../../Nocturnum/Content/MapGeneration/MyDungeonGenerator.uasset" 505
"../../../Nocturnum/Content/TopDownCPP/Blueprints/Menu/FullMapTarget.uasset" 506
"../../../Nocturnum/Content/TopDownCPP/Blueprints/Menu/FullMapCamera.uasset" 507
"../../../Nocturnum/Content/TopDownCPP/Blueprints/Menu/MapTarget.uasset" 508
"../../../Nocturnum/Content/TopDownCPP/Blueprints/Menu/MiniMapCamera.uasset" 509
"../../../Engine/Content/EditorResources/MatineeCam_D.uasset" 510
"../../../Engine/Content/EditorMaterials/MatineeCam_mat.uasset" 511
"../../../Engine/Content/EditorMeshes/MatineeCam_SM.uasset" 512
"../../../Nocturnum/Content/TopDownCPP/Blueprints/Menu/FullMapMaterial.uasset" 513
"../../../Nocturnum/Content/TopDownCPP/Blueprints/Menu/FullMapWidget.uasset" 514
"../../../Nocturnum/Content/TopDownCPP/Blueprints/Menu/ConfirmationHUD.uasset" 515
"../../../Nocturnum/Content/TopDownCPP/Blueprints/Menu/GamePause.uasset" 516
"../../../Nocturnum/Content/TopDownCPP/Blueprints/Menu/Minimapmaterial.uasset" 517
"../../../Nocturnum/Content/TopDownCPP/Blueprints/Menu/MiniMap.uasset" 518
"../../../Nocturnum/Content/videoplayback__2_.uasset" 519
"../../../Nocturnum/Content/TopDownCPP/Maps/LevelMap.umap" 520
"../../../Engine/Content/EditorSounds/GamePreview/EndPlayInEditor.uasset" 521
"../../../Engine/Content/VREditor/Sounds/UI/Enter_Play.uasset" 522
"../../../Nocturnum/Content/TopDownCPP/Blueprints/Menu/image.uasset" 523
"../../../Nocturnum/Content/TopDownCPP/Blueprints/Menu/MainMenu_HUD.uasset" 524
"../../../Nocturnum/Content/TopDownCPP/Blueprints/Menu/videoplayback.uasset" 525
"../../../Nocturnum/Content/TopDownCPP/Maps/MainMenu.umap" 526
"../../../Engine/Content/Maps/Entry.umap" 527
